<?xml version="1.0" encoding="UTF-8"?>
<!-- Generated by org.testng.reporters.JUnitReportReporter -->
<testsuite hostname="DESKTOP-F9ACE5P" failures="0" tests="1" name="com.bank.qa.testcases.OpenAccountTest" time="6.057" errors="0" timestamp="08 Mar 2024 10:33:36 GMT" skipped="0">
  <testcase classname="com.bank.qa.testcases.OpenAccountTest" name="createAccount" time="6.057"/>
</testsuite> <!-- com.bank.qa.testcases.OpenAccountTest -->
