<?xml version="1.0" encoding="UTF-8"?>
<!-- Generated by org.testng.reporters.JUnitReportReporter -->
<testsuite hostname="DESKTOP-F9ACE5P" failures="0" tests="1" name="com.bank.qa.testcases.AddCustomerTest" time="13.506" errors="0" timestamp="09 Mar 2024 03:49:37 GMT" skipped="0">
  <testcase classname="com.bank.qa.testcases.AddCustomerTest" name="verifyManagerLogin" time="13.506"/>
</testsuite> <!-- com.bank.qa.testcases.AddCustomerTest -->
