<?xml version="1.0" encoding="UTF-8"?>
<!-- Generated by org.testng.reporters.JUnitReportReporter -->
<testsuite hostname="DESKTOP-F9ACE5P" failures="0" tests="1" name="com.bank.qa.testcases.OpenAccountTest" time="3.694" errors="0" timestamp="08 Mar 2024 05:16:34 GMT" skipped="0">
  <testcase classname="com.bank.qa.testcases.OpenAccountTest" name="createAccount" time="3.694"/>
</testsuite> <!-- com.bank.qa.testcases.OpenAccountTest -->
