<?xml version="1.0" encoding="UTF-8"?>
<!-- Generated by org.testng.reporters.JUnitReportReporter -->
<testsuite hostname="DESKTOP-F9ACE5P" failures="0" tests="1" name="com.bank.qa.testcases.OpenAccountTest" time="4.046" errors="0" timestamp="2024-03-08T10:58:15 IST" skipped="0">
  <testcase classname="com.bank.qa.testcases.OpenAccountTest" name="createAccount" time="4.046"/>
  <system-out/>
</testsuite> <!-- com.bank.qa.testcases.OpenAccountTest -->
