<?xml version="1.0" encoding="UTF-8"?>
<!-- Generated by org.testng.reporters.JUnitReportReporter -->
<testsuite hostname="DESKTOP-F9ACE5P" failures="0" tests="1" name="com.bank.qa.testcases.CustomerslistTest" time="4.075" errors="0" timestamp="2024-03-08T16:25:58 IST" skipped="0">
  <testcase classname="com.bank.qa.testcases.CustomerslistTest" name="verifySearch" time="4.075"/>
  <system-out/>
</testsuite> <!-- com.bank.qa.testcases.CustomerslistTest -->
