<?xml version="1.0" encoding="UTF-8"?>
<!-- Generated by org.testng.reporters.JUnitReportReporter -->
<testsuite hostname="DESKTOP-F9ACE5P" failures="0" tests="1" name="com.bank.qa.testcases.AddCustomerTest" time="7.000" errors="0" timestamp="2024-03-08T10:58:15 IST" skipped="0">
  <testcase classname="com.bank.qa.testcases.AddCustomerTest" name="verifyManagerLogin" time="7.000"/>
  <system-out/>
</testsuite> <!-- com.bank.qa.testcases.AddCustomerTest -->
